# JRE version: OpenJDK Runtime Environment Temurin-17.0.4+8 (17.0.4+8) (build 17.0.4+8)
# Java VM: OpenJDK 64-Bit Server VM Temurin-17.0.4+8 (17.0.4+8, mixed mode, sharing, tiered, compressed oops, compressed class ptrs, g1 gc, windows-amd64)
GC Precious Log:
 CPUs: 8 total, 8 available
 Memory: 16167M
 Large Page Support: Disabled
 NUMA Support: Disabled
 Compressed Oops: Enabled (Zero based)
 Heap Region Size: 2M
 Heap Min Capacity: 8M
 Heap Initial Capacity: 254M
 Heap Max Capacity: 4042M
 Pre-touch: Disabled
 Parallel Workers: 8
 Concurrent Workers: 2
 Concurrent Refinement Workers: 8
 Periodic GC: Disabled
Heap:
 garbage-first heap   total 69632K, used 46691K [0x0000000703600000, 0x0000000800000000)
  region size 2048K, 9 young (18432K), 1 survivors (2048K)
 Metaspace       used 78862K, committed 79616K, reserved 1122304K
  class space    used 10399K, committed 10752K, reserved 1048576K
GC Heap History (20 events):
Event: 1333.570 GC heap before
{Heap before GC invocations=40 (full 1):
 garbage-first heap   total 69632K, used 35815K [0x0000000703600000, 0x0000000800000000)
  region size 2048K, 3 young (6144K), 1 survivors (2048K)
 Metaspace       used 77251K, committed 77952K, reserved 1122304K
  class space    used 10324K, committed 10688K, reserved 1048576K
}
Event: 1333.623 GC heap after
{Heap after GC invocations=41 (full 2):
 garbage-first heap   total 69632K, used 27826K [0x0000000703600000, 0x0000000800000000)
  region size 2048K, 0 young (0K), 0 survivors (0K)
 Metaspace       used 77251K, committed 77952K, reserved 1122304K
  class space    used 10324K, committed 10688K, reserved 1048576K
}
Event: 1334.133 GC heap before
{Heap before GC invocations=41 (full 2):
 garbage-first heap   total 69632K, used 56498K [0x0000000703600000, 0x0000000800000000)
  region size 2048K, 14 young (28672K), 0 survivors (0K)
 Metaspace       used 77597K, committed 78336K, reserved 1122304K
  class space    used 10347K, committed 10688K, reserved 1048576K
}
Event: 1334.135 GC heap after
{Heap after GC invocations=42 (full 2):
 garbage-first heap   total 69632K, used 30431K [0x0000000703600000, 0x0000000800000000)
  region size 2048K, 2 young (4096K), 2 survivors (4096K)
 Metaspace       used 77597K, committed 78336K, reserved 1122304K
  class space    used 10347K, committed 10688K, reserved 1048576K
}
Event: 1334.406 GC heap before
{Heap before GC invocations=42 (full 2):
 garbage-first heap   total 69632K, used 52959K [0x0000000703600000, 0x0000000800000000)
  region size 2048K, 14 young (28672K), 2 survivors (4096K)
 Metaspace       used 77880K, committed 78592K, reserved 1122304K
  class space    used 10361K, committed 10688K, reserved 1048576K
}
Event: 1334.409 GC heap after
{Heap after GC invocations=43 (full 2):
 garbage-first heap   total 69632K, used 32237K [0x0000000703600000, 0x0000000800000000)
  region size 2048K, 1 young (2048K), 1 survivors (2048K)
 Metaspace       used 77880K, committed 78592K, reserved 1122304K
  class space    used 10361K, committed 10688K, reserved 1048576K
}
Event: 1335.813 GC heap before
{Heap before GC invocations=43 (full 2):
 garbage-first heap   total 69632K, used 54765K [0x0000000703600000, 0x0000000800000000)
  region size 2048K, 12 young (24576K), 1 survivors (2048K)
 Metaspace       used 78221K, committed 78912K, reserved 1122304K
  class space    used 10376K, committed 10752K, reserved 1048576K
}
Event: 1335.816 GC heap after
{Heap after GC invocations=44 (full 2):
 garbage-first heap   total 69632K, used 33532K [0x0000000703600000, 0x0000000800000000)
  region size 2048K, 2 young (4096K), 2 survivors (4096K)
 Metaspace       used 78221K, committed 78912K, reserved 1122304K
  class space    used 10376K, committed 10752K, reserved 1048576K
}
Event: 1335.976 GC heap before
{Heap before GC invocations=45 (full 2):
 garbage-first heap   total 69632K, used 54012K [0x0000000703600000, 0x0000000800000000)
  region size 2048K, 12 young (24576K), 2 survivors (4096K)
 Metaspace       used 78631K, committed 79360K, reserved 1122304K
  class space    used 10396K, committed 10752K, reserved 1048576K
}
Event: 1335.978 GC heap after
{Heap after GC invocations=46 (full 2):
 garbage-first heap   total 69632K, used 35084K [0x0000000703600000, 0x0000000800000000)
  region size 2048K, 2 young (4096K), 2 survivors (4096K)
 Metaspace       used 78631K, committed 79360K, reserved 1122304K
  class space    used 10396K, committed 10752K, reserved 1048576K
}
Event: 1587.314 GC heap before
{Heap before GC invocations=46 (full 2):
 garbage-first heap   total 69632K, used 55564K [0x0000000703600000, 0x0000000800000000)
  region size 2048K, 12 young (24576K), 2 survivors (4096K)
 Metaspace       used 78799K, committed 79488K, reserved 1122304K
  class space    used 10399K, committed 10752K, reserved 1048576K
}
Event: 1587.319 GC heap after
{Heap after GC invocations=47 (full 2):
 garbage-first heap   total 69632K, used 35351K [0x0000000703600000, 0x0000000800000000)
  region size 2048K, 1 young (2048K), 1 survivors (2048K)
 Metaspace       used 78799K, committed 79488K, reserved 1122304K
  class space    used 10399K, committed 10752K, reserved 1048576K
}
Event: 1907.629 GC heap before
{Heap before GC invocations=48 (full 2):
 garbage-first heap   total 69632K, used 55831K [0x0000000703600000, 0x0000000800000000)
  region size 2048K, 11 young (22528K), 1 survivors (2048K)
 Metaspace       used 78803K, committed 79488K, reserved 1122304K
  class space    used 10399K, committed 10752K, reserved 1048576K
}
Event: 1907.633 GC heap after
{Heap after GC invocations=49 (full 2):
 garbage-first heap   total 69632K, used 35320K [0x0000000703600000, 0x0000000800000000)
  region size 2048K, 1 young (2048K), 1 survivors (2048K)
 Metaspace       used 78803K, committed 79488K, reserved 1122304K
  class space    used 10399K, committed 10752K, reserved 1048576K
}
Event: 1938.494 GC heap before
{Heap before GC invocations=49 (full 2):
 garbage-first heap   total 69632K, used 37368K [0x0000000703600000, 0x0000000800000000)
  region size 2048K, 2 young (4096K), 1 survivors (2048K)
 Metaspace       used 78803K, committed 79488K, reserved 1122304K
  class space    used 10399K, committed 10752K, reserved 1048576K
}
Event: 1938.499 GC heap after
{Heap after GC invocations=50 (full 2):
 garbage-first heap   total 69632K, used 32448K [0x0000000703600000, 0x0000000800000000)
  region size 2048K, 1 young (2048K), 1 survivors (2048K)
 Metaspace       used 78803K, committed 79488K, reserved 1122304K
  class space    used 10399K, committed 10752K, reserved 1048576K
}
Event: 2290.833 GC heap before
{Heap before GC invocations=50 (full 2):
 garbage-first heap   total 69632K, used 54976K [0x0000000703600000, 0x0000000800000000)
  region size 2048K, 12 young (24576K), 1 survivors (2048K)
 Metaspace       used 78816K, committed 79488K, reserved 1122304K
  class space    used 10399K, committed 10752K, reserved 1048576K
}
Event: 2290.836 GC heap after
{Heap after GC invocations=51 (full 2):
 garbage-first heap   total 69632K, used 32399K [0x0000000703600000, 0x0000000800000000)
  region size 2048K, 1 young (2048K), 1 survivors (2048K)
 Metaspace       used 78816K, committed 79488K, reserved 1122304K
  class space    used 10399K, committed 10752K, reserved 1048576K
}
Event: 2643.569 GC heap before
{Heap before GC invocations=52 (full 2):
 garbage-first heap   total 69632K, used 54927K [0x0000000703600000, 0x0000000800000000)
  region size 2048K, 12 young (24576K), 1 survivors (2048K)
 Metaspace       used 78830K, committed 79552K, reserved 1122304K
  class space    used 10398K, committed 10752K, reserved 1048576K
}
Event: 2643.571 GC heap after
{Heap after GC invocations=53 (full 2):
 garbage-first heap   total 69632K, used 32355K [0x0000000703600000, 0x0000000800000000)
  region size 2048K, 1 young (2048K), 1 survivors (2048K)
 Metaspace       used 78830K, committed 79552K, reserved 1122304K
  class space    used 10398K, committed 10752K, reserved 1048576K
}

